    0         74582.6         19533.6         4517.98         1.69593         1529.45          979.77  1
    1           74355         19453.5         4380.54         1.70866         1519.99         969.106  5
    2           73040         18747.2         3767.58         1.84263         1427.88         860.688  7
    3         72868.2         18609.1         3726.14         1.86008         1416.39         846.774  11
    4         72624.1         18391.3         3637.83         1.89868         1392.99         818.491  13
    5         72330.8           18112         3584.92          1.9456         1363.02         781.963  15
    6         72244.8         18032.3          3618.7         1.94758         1359.85         778.164  19
    7           72243         18048.6         3633.34         1.94415         1360.51         779.378  23
    8         72208.7         18123.8         3730.64         1.91863         1367.38         790.107  25
    9         72132.5         18118.5         3704.56         1.91015         1370.54         795.171  27
   10         71974.1         17988.8         3640.76         1.90957          1373.1             797  29
   11         71829.7         17877.5         3556.78         1.91802         1370.19          792.33  31
   12         71709.9         17757.4         3515.73         1.92135         1370.55         791.104  33
   13         71677.8         17750.8         3531.11         1.91688          1371.8         792.466  35
   14         71665.9         17759.5         3557.06          1.9095         1374.91         795.765  37
   15         71618.3         17733.5         3546.22         1.90507         1377.81         798.447  39
   16         71559.5         17691.6         3525.25         1.90164         1380.82         800.988  41
   17         71517.6         17673.5         3510.44         1.90477         1378.22         797.989  43
   18         71469.5         17647.7          3492.2         1.90635         1377.09         796.351  45
   19         71438.2         17630.3         3486.18         1.90478         1378.13         796.873  47
   20         71407.3         17608.1         3484.28         1.90328         1379.02          797.55  49
   21         71389.9         17606.1         3486.86         1.90047         1380.21         798.779  51
   22         71368.2         17596.4         3484.39         1.89695         1382.39         800.925  53
   23         71350.9         17593.5         3473.62         1.89506         1383.55         802.238  55
   24         71332.2           17586          3468.3         1.89645         1382.35          800.77  57
   25         71308.1         17572.1         3458.85         1.89649         1382.54         800.446  59
