    0                        1.55196        0.777076  1
    1                        1.54878        0.765164  5
    2                         1.5204        0.709615  7
    3                        1.51479        0.705701  11
    4                         1.5059        0.697288  13
    5                        1.49442        0.692199  15
    6                        1.49113        0.695452  19
    7                         1.4918        0.696858  23
    8                        1.49491        0.706127  25
    9                        1.49469        0.703655  27
   10                        1.48933        0.697569  29
   11                        1.48471        0.689477  31
   12                        1.47972        0.685486  33
   13                        1.47945        0.686984  35
   14                        1.47981        0.689504  37
   15                        1.47872        0.688453  39
   16                        1.47698        0.686414  41
   17                        1.47622         0.68497  43
   18                        1.47514        0.683189  45
   19                        1.47441          0.6826  47
   20                        1.47349        0.682414  49
   21                         1.4734        0.682666  51
   22                        1.47299        0.682424  53
   23                        1.47288        0.681369  55
   24                        1.47256        0.680847  57
   25                        1.47198        0.679919  59
