    0     1.56687e+06     1.00153e+06          541504        0.953707               0               0  1
    1     1.07638e+06          664296          381588          1.1981         33.3382         20.7217  9
    2          263852          138643         65688.7          1.9742         579.475         437.094  11
    3          182681         91277.4         22546.8         2.12834         891.903         672.882  13
    4          141925         55419.8         14979.5         2.15531         997.272         767.011  15
    5          128741         45473.1         11279.3         2.15028         1031.91         791.245  17
    6          114649         34725.9         7113.47         2.13693         1117.82         820.846  19
    7          105220         27015.1         5300.02         2.09982         1224.33          816.58  21
    8          100778         22622.7         4824.91         2.05794         1371.57         816.615  23
    9         97994.8         20829.2         4691.62         2.03292         1366.08          799.02  25
   10         97260.8         20981.8         4729.46         2.00966         1345.71         785.101  27
   11         96297.7         20640.6         4925.46           1.959         1381.72         793.958  29
   12           95721         20482.5         4946.24         1.91857         1418.13         814.661  31
   13         94790.8         19996.6         4818.25          1.9107          1408.1         812.739  33
   14         94252.8         19833.1          4770.8         1.89061         1415.26         823.102  35
   15         93856.8         19769.9         4743.78          1.8689          1424.8         837.261  37
   16         93538.5         19742.8         4720.58         1.84038         1444.81         861.738  39
   17         93206.4         19660.8         4709.26          1.8271         1448.88         867.013  41
   18         93011.9         19685.5         4694.47         1.81985         1447.48         866.075  43
   19         92830.9         19659.3         4674.23         1.80438         1458.82         879.983  45
   20         92669.4         19651.4         4610.42         1.79042         1469.06         895.636  47
   21         92475.8         19615.4         4561.47         1.78579         1468.26         897.165  49
   22           92344         19586.8         4532.19         1.78202         1468.13         899.334  51
   23         92244.4         19580.3         4512.66         1.77095         1475.71         912.071  53
   24         92200.1         19618.3         4522.23         1.76367         1477.92         918.869  55
   25         92127.4         19615.7         4522.99          1.7594         1478.84         921.524  57
   26         92069.4         19618.7         4514.35         1.75436         1481.25         926.486  59
   27           92016         19605.7         4499.99         1.75044         1483.92         931.031  61
   28         91959.4         19583.1         4481.79          1.7476         1486.23         934.226  63
   29         91930.2         19590.9         4485.31         1.74496         1487.35         935.653  65
   30         91911.8         19601.9         4497.73         1.73974         1491.14         940.736  67
   31         91889.1           19599         4501.08         1.73955         1490.35         939.677  69
   32         91862.7         19595.7         4502.16         1.73478          1494.9          944.64  71
   33         91834.2         19586.1         4494.96         1.73574         1493.38         942.595  73
   34         91805.1           19575         4492.71          1.7325         1496.65         945.844  75
   35         91788.7         19571.4         4495.59         1.72957         1499.52          948.72  77
   36         91773.7         19568.1         4500.42         1.72701         1501.85         951.134  79
   37           91761         19568.2         4506.38          1.7234         1505.42         954.717  81
   38           91744         19564.2         4507.12         1.72276         1505.55         954.817  83
   39         91724.7         19556.1         4506.47         1.72096         1507.38         956.439  85
   40         91710.8         19554.2         4504.48         1.72072         1507.21         956.207  87
   41         91695.6           19547         4506.17         1.71782         1510.48         959.205  89
   42         91685.1           19548         4508.73          1.7171         1510.65         959.441  91
   43         91678.1         19549.4         4515.21          1.7144         1513.26         962.081  93
   44         91668.8         19547.2         4516.12         1.71403         1513.21         962.257  95
   45         91659.2         19545.2         4515.91         1.71242         1514.81         963.931  97
   46         91650.1         19543.3         4513.84         1.71111         1516.12         965.398  99
   47         91641.5         19541.2         4513.61          1.7104         1516.68         965.974  101
   48         91636.6         19538.8         4516.03         1.70798         1519.39         968.842  103
   49         91629.8         19540.9         4515.74         1.70877         1517.98         967.408  105
   50         91623.9         19540.5         4516.07         1.70764         1519.04         968.607  107
   51         91619.3         19540.5         4516.37         1.70688         1519.71         969.342  109
   52         91616.5         19541.9         4516.43         1.70629         1520.23         969.867  111
   53         91613.3         19541.3         4517.16         1.70532         1521.27         970.921  113
   54         91609.4         19539.9         4517.91         1.70465         1521.96         971.572  115
   55           91605           19538          4518.3         1.70445         1522.08         971.685  117
   56         91602.1         19537.6         4518.87         1.70422          1522.2         971.826  119
   57         91600.5         19538.1         4519.54         1.70368         1522.72         972.369  121
   58         91597.8         19537.1         4520.09         1.70308         1523.32         973.032  123
   59           91595         19537.8         4520.25         1.70263          1523.7         973.437  125
   60         91590.7         19534.7         4520.78         1.70182         1524.58         974.375  127
   61           91588           19535         4520.29         1.70196         1524.26          974.11  129
   62           91585         19533.7         4520.56         1.70121         1525.05         974.996  131
   63         91581.8         19532.7         4520.41         1.70134         1524.79         974.737  133
   64         91580.8         19534.3         4520.51         1.70083         1525.24         975.289  135
   65         91577.9         19532.3         4520.36         1.70067         1525.41         975.434  137
   66           91576         19531.8         4520.14         1.70036         1525.76         975.748  139
   67         91574.4         19531.8         4519.79         1.70011         1526.02         975.977  141
   68         91572.9         19532.3         4518.91         1.69962         1526.63         976.484  143
   69         91571.2         19532.8         4518.92         1.69974         1526.35         976.255  145
   70         91568.7         19532.3         4518.52         1.69958         1526.47         976.377  147
   71           91567         19531.7         4518.52         1.69939         1526.62         976.575  149
   72           91566         19531.8         4519.02         1.69908         1526.91         976.891  151
   73         91564.3         19531.4         4519.17         1.69884         1527.15         977.137  153
   74           91564         19533.2         4519.37         1.69839         1527.58         977.599  155
   75         91562.1         19531.7         4519.41         1.69842         1527.52         977.533  157
   76         91560.6         19531.2         4519.59         1.69828         1527.61         977.665  159
   77           91560         19531.9         4519.67         1.69822         1527.61         977.679  161
   78           91559         19531.6          4520.1         1.69791         1527.95          978.01  163
   79         91558.6         19532.1         4520.59         1.69775         1528.06         978.155  165
   80         91556.9           19531         4520.75         1.69765         1528.14         978.248  167
   81         91556.2         19530.7         4521.28         1.69743         1528.34         978.512  169
   82           91555         19530.3         4521.02         1.69749         1528.21         978.433  171
   83         91554.3         19530.6         4520.93          1.6973         1528.35         978.669  173
   84         91553.8         19531.3         4520.56         1.69717         1528.43         978.832  175
   85         91553.1         19531.6         4520.42         1.69711         1528.48         978.872  177
   86           91552         19530.7         4520.29          1.6968         1528.84         979.266  179
   87           91552         19532.3         4520.27         1.69695         1528.58         978.994  181
   88         91550.5         19531.4         4519.97         1.69693         1528.56          979.02  183
   89         91549.8         19531.3         4519.78         1.69679         1528.67         979.224  185
   90         91549.1         19531.2         4519.84         1.69673         1528.73         979.274  187
   91         91549.1         19532.1         4519.89         1.69654         1528.92         979.439  189
   92         91548.5         19532.3         4519.83         1.69656         1528.88         979.363  191
   93         91547.7         19532.7         4519.44         1.69648         1528.95         979.415  193
   94         91546.9         19532.7         4519.15         1.69644         1528.96         979.433  195
   95           91546         19532.8         4518.97         1.69632         1529.09         979.536  197
   96         91545.3         19533.1         4518.77         1.69619         1529.22         979.641  201
   97         91544.4           19533          4518.6          1.6961         1529.31         979.727  203
   98         91544.3         19534.6         4518.18         1.69593         1529.47         979.864  205
   99         91542.8         19533.6         4518.09         1.69595         1529.44         979.806  207
  100         91541.8         19533.6         4517.98         1.69593         1529.45          979.77  209
