    0                        11.1127          8.5073  1
    1                        9.05045         7.14149  9
    2                        4.13465         2.96303  11
    3                        3.35483         1.73594  13
    4                         2.6141         1.41494  15
    5                        2.36792         1.22781  17
    6                        2.06926        0.975062  19
    7                        1.82513        0.841647  21
    8                        1.67017        0.803038  23
    9                         1.6026        0.791868  25
   10                        1.60846        0.795054  27
   11                        1.59533        0.811362  29
   12                        1.58921        0.813071  31
   13                        1.57025        0.802483  33
   14                        1.56381        0.798522  35
   15                        1.56132        0.796257  37
   16                        1.56025        0.794308  39
   17                          1.557        0.793355  41
   18                        1.55798        0.792108  43
   19                        1.55695        0.790399  45
   20                        1.55664        0.784985  47
   21                        1.55521        0.780807  49
   22                        1.55407        0.778297  51
   23                        1.55381        0.776618  53
   24                        1.55532        0.777441  55
   25                        1.55522        0.777506  57
   26                        1.55534        0.776763  59
   27                        1.55482        0.775527  61
   28                        1.55393        0.773957  63
   29                        1.55424        0.774261  65
   30                        1.55467        0.775332  67
   31                        1.55456        0.775621  69
   32                        1.55443        0.775714  71
   33                        1.55404        0.775094  73
   34                         1.5536          0.7749  75
   35                        1.55346        0.775147  77
   36                        1.55333        0.775564  79
   37                        1.55333        0.776077  81
   38                        1.55318        0.776142  83
   39                        1.55285        0.776085  85
   40                        1.55278        0.775914  87
   41                        1.55249        0.776059  89
   42                        1.55253         0.77628  91
   43                        1.55259        0.776838  93
   44                         1.5525        0.776915  95
   45                        1.55242        0.776898  97
   46                        1.55234        0.776719  99
   47                        1.55226        0.776699  101
   48                        1.55217        0.776908  103
   49                        1.55225        0.776883  105
   50                        1.55223        0.776911  107
   51                        1.55223        0.776937  109
   52                        1.55229        0.776943  111
   53                        1.55227        0.777005  113
   54                        1.55221        0.777069  115
   55                        1.55213        0.777103  117
   56                        1.55212        0.777152  119
   57                        1.55214        0.777209  121
   58                         1.5521        0.777257  123
   59                        1.55213        0.777271  125
   60                        1.55201        0.777317  127
   61                        1.55202        0.777274  129
   62                        1.55197        0.777297  131
   63                        1.55192        0.777285  133
   64                        1.55199        0.777293  135
   65                        1.55191         0.77728  137
   66                        1.55189        0.777261  139
   67                        1.55189        0.777231  141
   68                        1.55191        0.777156  143
   69                        1.55193        0.777157  145
   70                        1.55191        0.777122  147
   71                        1.55189        0.777122  149
   72                        1.55189        0.777165  151
   73                        1.55187        0.777178  153
   74                        1.55194        0.777195  155
   75                        1.55188        0.777198  157
   76                        1.55187        0.777214  159
   77                        1.55189        0.777221  161
   78                        1.55188        0.777258  163
   79                         1.5519          0.7773  165
   80                        1.55186        0.777314  167
   81                        1.55185        0.777359  169
   82                        1.55183        0.777337  171
   83                        1.55184        0.777329  173
   84                        1.55187        0.777297  175
   85                        1.55188        0.777286  177
   86                        1.55185        0.777274  179
   87                        1.55191        0.777273  181
   88                        1.55187        0.777247  183
   89                        1.55187        0.777231  185
   90                        1.55186        0.777236  187
   91                         1.5519         0.77724  189
   92                        1.55191        0.777235  191
   93                        1.55192        0.777201  193
   94                        1.55192        0.777177  195
   95                        1.55193         0.77716  197
   96                        1.55194        0.777144  201
   97                        1.55194        0.777129  203
   98                          1.552        0.777093  205
   99                        1.55196        0.777085  207
  100                        1.55196        0.777076  209
